C:\USERS\VARTOTOJAS\DESKTOP\2 COURSE\OOP\11\11\LB13\DEBUG\LB13.PCH
C:\USERS\VARTOTOJAS\DESKTOP\2 COURSE\OOP\11\11\LB13\DEBUG\STDAFX.OBJ
C:\USERS\VARTOTOJAS\DESKTOP\2 COURSE\OOP\11\11\LB13\DEBUG\VC110.PDB
C:\USERS\VARTOTOJAS\DESKTOP\2 COURSE\OOP\11\11\LB13\DEBUG\LB13.OBJ
C:\USERS\VARTOTOJAS\DESKTOP\2 COURSE\OOP\11\11\DEBUG\LB13.ILK
C:\USERS\VARTOTOJAS\DESKTOP\2 COURSE\OOP\11\11\DEBUG\LB13.EXE
C:\USERS\VARTOTOJAS\DESKTOP\2 COURSE\OOP\11\11\DEBUG\LB13.PDB
C:\USERS\VARTOTOJAS\DESKTOP\2 COURSE\OOP\11\11\LB13\DEBUG\LB13.RES
C:\Users\Vartotojas\Desktop\2 course\oop\11\11\lb13\Debug\lb13.obj
C:\Users\Vartotojas\Desktop\2 course\oop\11\11\lb13\Debug\stdafx.obj
C:\Users\Vartotojas\Desktop\2 course\oop\11\11\lb13\Debug\cl.command.1.tlog
C:\Users\Vartotojas\Desktop\2 course\oop\11\11\lb13\Debug\CL.read.1.tlog
C:\Users\Vartotojas\Desktop\2 course\oop\11\11\lb13\Debug\CL.write.1.tlog
C:\Users\Vartotojas\Desktop\2 course\oop\11\11\lb13\Debug\link-cvtres.read.1.tlog
C:\Users\Vartotojas\Desktop\2 course\oop\11\11\lb13\Debug\link-cvtres.write.1.tlog
C:\Users\Vartotojas\Desktop\2 course\oop\11\11\lb13\Debug\link-rc.read.1.tlog
C:\Users\Vartotojas\Desktop\2 course\oop\11\11\lb13\Debug\link-rc.write.1.tlog
C:\Users\Vartotojas\Desktop\2 course\oop\11\11\lb13\Debug\link.7528-cvtres.read.1.tlog
C:\Users\Vartotojas\Desktop\2 course\oop\11\11\lb13\Debug\link.7528-cvtres.write.1.tlog
C:\Users\Vartotojas\Desktop\2 course\oop\11\11\lb13\Debug\link.7528-rc.read.1.tlog
C:\Users\Vartotojas\Desktop\2 course\oop\11\11\lb13\Debug\link.7528-rc.write.1.tlog
C:\Users\Vartotojas\Desktop\2 course\oop\11\11\lb13\Debug\link.7528.read.1.tlog
C:\Users\Vartotojas\Desktop\2 course\oop\11\11\lb13\Debug\link.7528.write.1.tlog
C:\Users\Vartotojas\Desktop\2 course\oop\11\11\lb13\Debug\link.command.1.tlog
C:\Users\Vartotojas\Desktop\2 course\oop\11\11\lb13\Debug\link.read.1.tlog
C:\Users\Vartotojas\Desktop\2 course\oop\11\11\lb13\Debug\link.write.1.tlog
C:\Users\Vartotojas\Desktop\2 course\oop\11\11\lb13\Debug\rc.command.1.tlog
C:\Users\Vartotojas\Desktop\2 course\oop\11\11\lb13\Debug\rc.read.1.tlog
C:\Users\Vartotojas\Desktop\2 course\oop\11\11\lb13\Debug\rc.write.1.tlog
C:\Users\Vartotojas\Desktop\2 course\oop\11\11\lb13\Debug\lb13.res
C:\Users\Vartotojas\Desktop\2 course\oop\11\11\lb13\Debug\lb13.pch
C:\Users\Vartotojas\Desktop\2 course\oop\11\11\lb13\Debug\vc110.idb
C:\Users\Vartotojas\Desktop\2 course\oop\11\11\lb13\Debug\vc110.pdb
C:\Users\Vartotojas\Desktop\2 course\oop\11\11\Debug\lb13.pdb
C:\Users\Vartotojas\Desktop\2 course\oop\11\11\Debug\lb13.exe
C:\Users\Vartotojas\Desktop\2 course\oop\11\11\Debug\lb13.ilk
